<?xml version="1.0" encoding="UTF-8"?>
<!-- Generated by org.testng.reporters.JUnitReportReporter -->
<testsuite hostname="DESKTOP-FL08T9O" failures="0" tests="2" name="reusedClass.Script" time="6.589" errors="0" timestamp="2024-03-13T15:41:44 IST" skipped="0">
  <testcase classname="reusedClass.Script" name="RRR" time="5.466"/>
  <testcase classname="reusedClass.Script" name="f" time="1.123"/>
</testsuite> <!-- reusedClass.Script -->
