<?xml version="1.0" encoding="UTF-8"?>
<!-- Generated by org.testng.reporters.JUnitReportReporter -->
<testsuite hostname="DESKTOP-FL08T9O" failures="0" tests="1" name="reusedClass.Execute" time="4.361" errors="0" timestamp="2024-03-13T16:07:21 IST" skipped="0">
  <testcase classname="reusedClass.Execute" name="f" time="4.361"/>
</testsuite> <!-- reusedClass.Execute -->
